[05-09-2023 16:28:27.227 INFO com.nopcommerce.account.Account_16_Log] - Account - Step 01 : Verify Register link is displayed
[05-09-2023 16:28:27.287 INFO com.nopcommerce.account.Account_16_Log] - ----FAILED----
[05-09-2023 16:28:27.288 INFO com.nopcommerce.account.Account_16_Log] - Account - Step 02 : Verify click to Register link
[05-09-2023 16:28:28.219 INFO com.nopcommerce.account.Account_16_Log] - Account - Step 03 : Verify click to Register button
[05-09-2023 16:28:28.485 INFO com.nopcommerce.account.Account_16_Log] - Account - Step 04 : Verify First Name error message
[05-09-2023 16:28:28.517 INFO com.nopcommerce.account.Account_16_Log] - ----PASSED----
[05-09-2023 16:28:28.518 INFO com.nopcommerce.account.Account_16_Log] - Account - Step 05 : Verify Last Name error message
[05-09-2023 16:28:28.542 INFO com.nopcommerce.account.Account_16_Log] - ----FAILED----
[05-09-2023 16:28:28.542 INFO com.nopcommerce.account.Account_16_Log] - Account - Step 06 : Verify enter First Name
[05-09-2023 16:28:28.588 INFO com.nopcommerce.account.Account_16_Log] - Account - Step 07 : Verify enter Last Name
[05-09-2023 16:28:28.647 INFO com.nopcommerce.account.Account_16_Log] - Account - Step 08 : Verify enter Email
[05-09-2023 16:28:28.714 INFO com.nopcommerce.account.Account_16_Log] - Account - Step 09 : Verify enter Password
[05-09-2023 16:28:28.760 INFO com.nopcommerce.account.Account_16_Log] - Account - Step 10 : Verify enter Confirm Passwd
[05-09-2023 16:28:28.810 INFO com.nopcommerce.account.Account_16_Log] - Account - Step 11 : click to Register button
[05-09-2023 16:28:29.504 INFO com.nopcommerce.account.Account_16_Log] - Account - Step 12 : Verify success msg
[05-09-2023 16:28:29.542 INFO com.nopcommerce.account.Account_16_Log] - ----FAILED----
[05-09-2023 16:33:09.837 INFO com.nopcommerce.account.Account_16_Log] - Account - Step 01 : Verify Register link is displayed
[05-09-2023 16:33:09.902 INFO com.nopcommerce.account.Account_16_Log] - ----FAILED----
[05-09-2023 16:33:09.902 INFO com.nopcommerce.account.Account_16_Log] - Account - Step 02 : Verify click to Register link
[05-09-2023 16:33:10.808 INFO com.nopcommerce.account.Account_16_Log] - Account - Step 03 : Verify click to Register button
[05-09-2023 16:33:11.075 INFO com.nopcommerce.account.Account_16_Log] - Account - Step 04 : Verify First Name error message
[05-09-2023 16:33:11.108 INFO com.nopcommerce.account.Account_16_Log] - ----PASSED----
[05-09-2023 16:33:11.108 INFO com.nopcommerce.account.Account_16_Log] - Account - Step 05 : Verify Last Name error message
[05-09-2023 16:33:11.134 INFO com.nopcommerce.account.Account_16_Log] - ----FAILED----
[05-09-2023 16:33:11.134 INFO com.nopcommerce.account.Account_16_Log] - Account - Step 06 : Verify enter First Name
[05-09-2023 16:33:11.180 INFO com.nopcommerce.account.Account_16_Log] - Account - Step 07 : Verify enter Last Name
[05-09-2023 16:33:11.234 INFO com.nopcommerce.account.Account_16_Log] - Account - Step 08 : Verify enter Email
[05-09-2023 16:33:11.291 INFO com.nopcommerce.account.Account_16_Log] - Account - Step 09 : Verify enter Password
[05-09-2023 16:33:11.335 INFO com.nopcommerce.account.Account_16_Log] - Account - Step 10 : Verify enter Confirm Passwd
[05-09-2023 16:33:11.378 INFO com.nopcommerce.account.Account_16_Log] - Account - Step 11 : click to Register button
[05-09-2023 16:33:12.040 INFO com.nopcommerce.account.Account_16_Log] - Account - Step 12 : Verify success msg
[05-09-2023 16:33:12.081 INFO com.nopcommerce.account.Account_16_Log] - ----FAILED----
[05-09-2023 17:00:15.992 INFO com.nopcommerce.account.Account_16_Log] - Account - Step 01 : Verify Register link is displayed
[05-09-2023 17:00:16.046 INFO com.nopcommerce.account.Account_16_Log] - ----FAILED----
[05-09-2023 17:00:16.046 INFO com.nopcommerce.account.Account_16_Log] - Account - Step 02 : Verify click to Register link
[05-09-2023 17:00:17.020 INFO com.nopcommerce.account.Account_16_Log] - Account - Step 03 : Verify click to Register button
[05-09-2023 17:00:17.288 INFO com.nopcommerce.account.Account_16_Log] - Account - Step 04 : Verify First Name error message
[05-09-2023 17:00:17.318 INFO com.nopcommerce.account.Account_16_Log] - ----PASSED----
[05-09-2023 17:00:17.318 INFO com.nopcommerce.account.Account_16_Log] - Account - Step 05 : Verify Last Name error message
[05-09-2023 17:00:17.347 INFO com.nopcommerce.account.Account_16_Log] - ----FAILED----
[05-09-2023 17:00:17.347 INFO com.nopcommerce.account.Account_16_Log] - Account - Step 06 : Verify enter First Name
[05-09-2023 17:00:17.389 INFO com.nopcommerce.account.Account_16_Log] - Account - Step 07 : Verify enter Last Name
[05-09-2023 17:00:17.439 INFO com.nopcommerce.account.Account_16_Log] - Account - Step 08 : Verify enter Email
[05-09-2023 17:00:17.494 INFO com.nopcommerce.account.Account_16_Log] - Account - Step 09 : Verify enter Password
[05-09-2023 17:00:17.535 INFO com.nopcommerce.account.Account_16_Log] - Account - Step 10 : Verify enter Confirm Passwd
[05-09-2023 17:00:17.581 INFO com.nopcommerce.account.Account_16_Log] - Account - Step 11 : click to Register button
[05-09-2023 17:00:18.718 INFO com.nopcommerce.account.Account_16_Log] - Account - Step 12 : Verify success msg
[05-09-2023 17:00:18.757 INFO com.nopcommerce.account.Account_16_Log] - ----FAILED----
[05-09-2023 17:07:08.136 INFO com.nopcommerce.account.Account_16_Log] - Account - Step 01 : Verify Register link is displayed
[05-09-2023 17:07:08.192 INFO com.nopcommerce.account.Account_16_Log] - ----FAILED----
[05-09-2023 17:07:08.192 INFO com.nopcommerce.account.Account_16_Log] - Account - Step 02 : Verify click to Register link
[05-09-2023 17:07:09.139 INFO com.nopcommerce.account.Account_16_Log] - Account - Step 03 : Verify click to Register button
[05-09-2023 17:07:09.417 INFO com.nopcommerce.account.Account_16_Log] - Account - Step 04 : Verify First Name error message
[05-09-2023 17:07:09.447 INFO com.nopcommerce.account.Account_16_Log] - ----PASSED----
[05-09-2023 17:07:09.447 INFO com.nopcommerce.account.Account_16_Log] - Account - Step 05 : Verify Last Name error message
[05-09-2023 17:07:09.474 INFO com.nopcommerce.account.Account_16_Log] - ----FAILED----
[05-09-2023 17:07:09.478 INFO com.nopcommerce.account.Account_16_Log] - Account - Step 01 : Verify enter First Name
[05-09-2023 17:07:09.521 INFO com.nopcommerce.account.Account_16_Log] - Account - Step 02 : Verify enter Last Name
[05-09-2023 17:07:09.569 INFO com.nopcommerce.account.Account_16_Log] - Account - Step 03 : Verify enter Email
[05-09-2023 17:07:09.632 INFO com.nopcommerce.account.Account_16_Log] - Account - Step 04 : Verify enter Password
[05-09-2023 17:07:09.675 INFO com.nopcommerce.account.Account_16_Log] - Account - Step 05 : Verify enter Confirm Passwd
[05-09-2023 17:07:09.721 INFO com.nopcommerce.account.Account_16_Log] - Account - Step 06 : click to Register button
[05-09-2023 17:07:10.872 INFO com.nopcommerce.account.Account_16_Log] - Account - Step 07 : Verify success msg
[05-09-2023 17:07:10.918 INFO com.nopcommerce.account.Account_16_Log] - ----PASSED----
[05-09-2023 17:09:08.356 INFO com.nopcommerce.account.Account_16_Log] - Account - Step 01 : Verify Register link is displayed
[05-09-2023 17:09:08.418 INFO com.nopcommerce.account.Account_16_Log] - ----FAILED----
[05-09-2023 17:09:08.419 INFO com.nopcommerce.account.Account_16_Log] - Account - Step 02 : Verify click to Register link
[05-09-2023 17:09:09.381 INFO com.nopcommerce.account.Account_16_Log] - Account - Step 03 : Verify click to Register button
[05-09-2023 17:09:09.644 INFO com.nopcommerce.account.Account_16_Log] - Account - Step 04 : Verify First Name error message
[05-09-2023 17:09:09.678 INFO com.nopcommerce.account.Account_16_Log] - ----PASSED----
[05-09-2023 17:09:09.678 INFO com.nopcommerce.account.Account_16_Log] - Account - Step 05 : Verify Last Name error message
[05-09-2023 17:09:09.706 INFO com.nopcommerce.account.Account_16_Log] - ----PASSED----
[05-09-2023 17:09:09.710 INFO com.nopcommerce.account.Account_16_Log] - Account - Step 01 : Verify enter First Name
[05-09-2023 17:09:09.754 INFO com.nopcommerce.account.Account_16_Log] - Account - Step 02 : Verify enter Last Name
[05-09-2023 17:09:09.814 INFO com.nopcommerce.account.Account_16_Log] - Account - Step 03 : Verify enter Email
[05-09-2023 17:09:09.873 INFO com.nopcommerce.account.Account_16_Log] - Account - Step 04 : Verify enter Password
[05-09-2023 17:09:09.917 INFO com.nopcommerce.account.Account_16_Log] - Account - Step 05 : Verify enter Confirm Passwd
[05-09-2023 17:09:09.966 INFO com.nopcommerce.account.Account_16_Log] - Account - Step 06 : click to Register button
[05-09-2023 17:09:10.625 INFO com.nopcommerce.account.Account_16_Log] - Account - Step 07 : Verify success msg
[05-09-2023 17:09:10.667 INFO com.nopcommerce.account.Account_16_Log] - ----FAILED----
[05-09-2023 17:17:58.455 INFO com.nopcommerce.account.Account_16_Log] - Account - Step 01 : Verify Register link is displayed
[05-09-2023 17:17:58.517 INFO com.nopcommerce.account.Account_16_Log] - ----FAILED----
[05-09-2023 17:17:58.517 INFO com.nopcommerce.account.Account_16_Log] - Account - Step 02 : Verify click to Register link
[05-09-2023 17:17:59.504 INFO com.nopcommerce.account.Account_16_Log] - Account - Step 03 : Verify click to Register button
[05-09-2023 17:17:59.789 INFO com.nopcommerce.account.Account_16_Log] - Account - Step 04 : Verify First Name error message
[05-09-2023 17:17:59.819 INFO com.nopcommerce.account.Account_16_Log] - ----PASSED----
[05-09-2023 17:17:59.819 INFO com.nopcommerce.account.Account_16_Log] - Account - Step 05 : Verify Last Name error message
[05-09-2023 17:17:59.851 INFO com.nopcommerce.account.Account_16_Log] - ----PASSED----
[05-09-2023 17:17:59.854 INFO com.nopcommerce.account.Account_16_Log] - Account - Step 01 : Verify enter First Name is hanh
[05-09-2023 17:17:59.901 INFO com.nopcommerce.account.Account_16_Log] - Account - Step 02 : Verify enter Last Name is nguyen
[05-09-2023 17:17:59.951 INFO com.nopcommerce.account.Account_16_Log] - Account - Step 03 : Verify enter Email is hanh9855@gmail.com
[05-09-2023 17:18:00.003 INFO com.nopcommerce.account.Account_16_Log] - Account - Step 04 : Verify enter Password is 123456
[05-09-2023 17:18:00.050 INFO com.nopcommerce.account.Account_16_Log] - Account - Step 05 : Verify enter Confirm Passwd
[05-09-2023 17:18:00.096 INFO com.nopcommerce.account.Account_16_Log] - Account - Step 06 : click to Register button
[05-09-2023 17:18:00.853 INFO com.nopcommerce.account.Account_16_Log] - Account - Step 07 : Verify success msg
[05-09-2023 17:18:00.899 INFO com.nopcommerce.account.Account_16_Log] - ----FAILED----
[07-09-2023 17:15:09.379 INFO com.nopcommerce.account.Account_17_ReportNG] - Account - Step 01 : Verify Register link is displayed
[07-09-2023 17:15:09.439 INFO com.nopcommerce.account.Account_17_ReportNG] - ----FAILED----
[07-09-2023 17:15:09.439 INFO com.nopcommerce.account.Account_17_ReportNG] - Account - Step 02 : Verify click to Register link
[07-09-2023 17:15:10.418 INFO com.nopcommerce.account.Account_17_ReportNG] - Account - Step 03 : Verify click to Register button
[07-09-2023 17:15:10.685 INFO com.nopcommerce.account.Account_17_ReportNG] - Account - Step 04 : Verify First Name error message
[07-09-2023 17:15:10.715 INFO com.nopcommerce.account.Account_17_ReportNG] - ----PASSED----
[07-09-2023 17:15:10.715 INFO com.nopcommerce.account.Account_17_ReportNG] - Account - Step 05 : Verify Last Name error message
[07-09-2023 17:15:10.744 INFO com.nopcommerce.account.Account_17_ReportNG] - ----PASSED----
[07-09-2023 17:15:10.824 INFO com.nopcommerce.account.Account_17_ReportNG] - Account - Step 01 : Verify enter First Name is hanh
[07-09-2023 17:15:10.872 INFO com.nopcommerce.account.Account_17_ReportNG] - Account - Step 02 : Verify enter Last Name is nguyen
[07-09-2023 17:15:10.931 INFO com.nopcommerce.account.Account_17_ReportNG] - Account - Step 03 : Verify enter Email is hanh4829@gmail.com
[07-09-2023 17:15:11.001 INFO com.nopcommerce.account.Account_17_ReportNG] - Account - Step 04 : Verify enter Password is 123456
[07-09-2023 17:15:11.046 INFO com.nopcommerce.account.Account_17_ReportNG] - Account - Step 05 : Verify enter Confirm Passwd
[07-09-2023 17:15:11.090 INFO com.nopcommerce.account.Account_17_ReportNG] - Account - Step 06 : click to Register button
[07-09-2023 17:15:12.277 INFO com.nopcommerce.account.Account_17_ReportNG] - Account - Step 07 : Verify success msg
[07-09-2023 17:15:12.317 INFO com.nopcommerce.account.Account_17_ReportNG] - ----FAILED----
[07-09-2023 17:28:33.374 INFO com.nopcommerce.account.Account_17_ReportNG] - Account - Step 01 : Verify Register link is displayed
[07-09-2023 17:28:33.641 INFO com.nopcommerce.account.Account_17_ReportNG] - Account - Step 01 : Verify enter First Name is hanh
[07-09-2023 17:30:11.043 INFO com.nopcommerce.account.Account_17_ReportNG] - Account - Step 01 : Verify Register link is displayed
[07-09-2023 17:30:11.094 INFO com.nopcommerce.account.Account_17_ReportNG] - ----FAILED----
[07-09-2023 17:30:11.094 INFO com.nopcommerce.account.Account_17_ReportNG] - Account - Step 02 : Verify click to Register link
[07-09-2023 17:30:12.043 INFO com.nopcommerce.account.Account_17_ReportNG] - Account - Step 03 : Verify click to Register button
[07-09-2023 17:30:12.629 INFO com.nopcommerce.account.Account_17_ReportNG] - Account - Step 04 : Verify First Name error message
[07-09-2023 17:30:43.312 INFO com.nopcommerce.account.Account_17_ReportNG] - Account - Step 01 : Verify enter First Name is hanh
[07-09-2023 17:30:43.365 INFO com.nopcommerce.account.Account_17_ReportNG] - Account - Step 02 : Verify enter Last Name is nguyen
[07-09-2023 17:30:43.416 INFO com.nopcommerce.account.Account_17_ReportNG] - Account - Step 03 : Verify enter Email is hanh5614@gmail.com
[07-09-2023 17:30:43.471 INFO com.nopcommerce.account.Account_17_ReportNG] - Account - Step 04 : Verify enter Password is 123456
[07-09-2023 17:30:43.521 INFO com.nopcommerce.account.Account_17_ReportNG] - Account - Step 05 : Verify enter Confirm Passwd
[07-09-2023 17:30:43.564 INFO com.nopcommerce.account.Account_17_ReportNG] - Account - Step 06 : click to Register button
[07-09-2023 17:30:44.302 INFO com.nopcommerce.account.Account_17_ReportNG] - Account - Step 07 : Verify success msg
[07-09-2023 17:42:12.221 INFO com.nopcommerce.account.Account_17_ReportNG] - Account - Step 01 : Verify Register link is displayed
[07-09-2023 17:42:12.282 INFO com.nopcommerce.account.Account_17_ReportNG] - ----FAILED----
[07-09-2023 17:42:12.283 INFO com.nopcommerce.account.Account_17_ReportNG] - Account - Step 02 : Verify click to Register link
[07-09-2023 17:42:13.195 INFO com.nopcommerce.account.Account_17_ReportNG] - Account - Step 03 : Verify click to Register button
[07-09-2023 17:42:13.470 INFO com.nopcommerce.account.Account_17_ReportNG] - Account - Step 04 : Verify First Name error message
[07-09-2023 17:42:13.503 INFO com.nopcommerce.account.Account_17_ReportNG] - ----PASSED----
[07-09-2023 17:42:13.503 INFO com.nopcommerce.account.Account_17_ReportNG] - Account - Step 05 : Verify Last Name error message
[07-09-2023 17:42:13.537 INFO com.nopcommerce.account.Account_17_ReportNG] - ----PASSED----
[07-09-2023 17:42:13.599 INFO com.nopcommerce.account.Account_17_ReportNG] - Account - Step 01 : Verify enter First Name is hanh
[07-09-2023 17:42:13.648 INFO com.nopcommerce.account.Account_17_ReportNG] - Account - Step 02 : Verify enter Last Name is nguyen
[07-09-2023 17:42:13.702 INFO com.nopcommerce.account.Account_17_ReportNG] - Account - Step 03 : Verify enter Email is hanh8827@gmail.com
[07-09-2023 17:42:13.758 INFO com.nopcommerce.account.Account_17_ReportNG] - Account - Step 04 : Verify enter Password is 123456
[07-09-2023 17:42:13.804 INFO com.nopcommerce.account.Account_17_ReportNG] - Account - Step 05 : Verify enter Confirm Passwd
[07-09-2023 17:42:13.852 INFO com.nopcommerce.account.Account_17_ReportNG] - Account - Step 06 : click to Register button
[07-09-2023 17:42:14.620 INFO com.nopcommerce.account.Account_17_ReportNG] - Account - Step 07 : Verify success msg
[07-09-2023 17:42:14.664 INFO com.nopcommerce.account.Account_17_ReportNG] - ----FAILED----
[07-09-2023 17:56:15.073 INFO com.nopcommerce.account.Account_17_ReportNG] - Account - Step 01 : Verify Register link is displayed
[07-09-2023 17:56:15.139 INFO com.nopcommerce.account.Account_17_ReportNG] - ----FAILED----
[07-09-2023 17:56:15.140 INFO com.nopcommerce.account.Account_17_ReportNG] - Account - Step 02 : Verify click to Register link
[07-09-2023 17:56:16.082 INFO com.nopcommerce.account.Account_17_ReportNG] - Account - Step 03 : Verify click to Register button
[07-09-2023 17:56:16.366 INFO com.nopcommerce.account.Account_17_ReportNG] - Account - Step 04 : Verify First Name error message
[07-09-2023 17:56:16.396 INFO com.nopcommerce.account.Account_17_ReportNG] - ----PASSED----
[07-09-2023 17:56:16.396 INFO com.nopcommerce.account.Account_17_ReportNG] - Account - Step 05 : Verify Last Name error message
[07-09-2023 17:56:16.426 INFO com.nopcommerce.account.Account_17_ReportNG] - ----PASSED----
[07-09-2023 17:56:16.507 INFO com.nopcommerce.account.Account_17_ReportNG] - Account - Step 01 : Verify enter First Name is hanh
[07-09-2023 17:56:16.551 INFO com.nopcommerce.account.Account_17_ReportNG] - Account - Step 02 : Verify enter Last Name is nguyen
[07-09-2023 17:56:16.604 INFO com.nopcommerce.account.Account_17_ReportNG] - Account - Step 03 : Verify enter Email is hanh3063@gmail.com
[07-09-2023 17:56:16.669 INFO com.nopcommerce.account.Account_17_ReportNG] - Account - Step 04 : Verify enter Password is 123456
[07-09-2023 17:56:16.713 INFO com.nopcommerce.account.Account_17_ReportNG] - Account - Step 05 : Verify enter Confirm Passwd
[07-09-2023 17:56:16.762 INFO com.nopcommerce.account.Account_17_ReportNG] - Account - Step 06 : click to Register button
[07-09-2023 17:56:17.578 INFO com.nopcommerce.account.Account_17_ReportNG] - Account - Step 07 : Verify success msg
[07-09-2023 17:56:17.616 INFO com.nopcommerce.account.Account_17_ReportNG] - ----FAILED----
[07-09-2023 18:08:34.396 INFO com.nopcommerce.account.Account_17_ReportNG] - Starting to delete all file in ReportNG screenshot
[07-09-2023 18:08:34.399 INFO com.nopcommerce.account.Account_17_ReportNG] - Delete success
[07-09-2023 18:08:39.790 INFO com.nopcommerce.account.Account_17_ReportNG] - Account - Step 01 : Verify Register link is displayed
[07-09-2023 18:08:39.872 INFO com.nopcommerce.account.Account_17_ReportNG] - ----FAILED----
[07-09-2023 18:08:39.873 INFO com.nopcommerce.account.Account_17_ReportNG] - Account - Step 02 : Verify click to Register link
[07-09-2023 18:08:40.871 INFO com.nopcommerce.account.Account_17_ReportNG] - Account - Step 03 : Verify click to Register button
[07-09-2023 18:08:41.138 INFO com.nopcommerce.account.Account_17_ReportNG] - Account - Step 04 : Verify First Name error message
[07-09-2023 18:08:41.172 INFO com.nopcommerce.account.Account_17_ReportNG] - ----PASSED----
[07-09-2023 18:08:41.172 INFO com.nopcommerce.account.Account_17_ReportNG] - Account - Step 05 : Verify Last Name error message
[07-09-2023 18:08:41.202 INFO com.nopcommerce.account.Account_17_ReportNG] - ----PASSED----
[07-09-2023 18:08:41.268 INFO com.nopcommerce.account.Account_17_ReportNG] - Account - Step 01 : Verify enter First Name is hanh
[07-09-2023 18:08:41.309 INFO com.nopcommerce.account.Account_17_ReportNG] - Account - Step 02 : Verify enter Last Name is nguyen
[07-09-2023 18:08:41.356 INFO com.nopcommerce.account.Account_17_ReportNG] - Account - Step 03 : Verify enter Email is hanh520@gmail.com
[07-09-2023 18:08:41.413 INFO com.nopcommerce.account.Account_17_ReportNG] - Account - Step 04 : Verify enter Password is 123456
[07-09-2023 18:08:41.461 INFO com.nopcommerce.account.Account_17_ReportNG] - Account - Step 05 : Verify enter Confirm Passwd
[07-09-2023 18:08:41.503 INFO com.nopcommerce.account.Account_17_ReportNG] - Account - Step 06 : click to Register button
[07-09-2023 18:08:42.191 INFO com.nopcommerce.account.Account_17_ReportNG] - Account - Step 07 : Verify success msg
[07-09-2023 18:08:42.242 INFO com.nopcommerce.account.Account_17_ReportNG] - ----FAILED----
[12-09-2023 14:23:27.958 INFO com.nopcommerce.account.Account_19_AllureReport] - Starting to delete all file in ReportNG screenshot
[12-09-2023 14:23:27.960 INFO com.nopcommerce.account.Account_19_AllureReport] - Delete success
[12-09-2023 14:24:48.374 INFO com.nopcommerce.account.Account_19_AllureReport] - Starting to delete all file in ReportNG screenshot
[12-09-2023 14:24:48.377 INFO com.nopcommerce.account.Account_19_AllureReport] - Delete success
[25-09-2023 16:27:46.612 INFO com.facebook_home.Level_20_Element_Undisplayed] - ----PASSED----
[25-09-2023 16:27:46.656 INFO com.facebook_home.Level_20_Element_Undisplayed] - ----PASSED----
[25-09-2023 16:27:46.689 INFO com.facebook_home.Level_20_Element_Undisplayed] - ----PASSED----
[25-09-2023 16:28:17.330 INFO com.facebook_home.Level_20_Element_Undisplayed] - Verify confirm Email Txb is not displayed
[25-09-2023 16:29:47.527 INFO com.facebook_home.Level_20_Element_Undisplayed] - ----PASSED----
[25-09-2023 16:29:47.572 INFO com.facebook_home.Level_20_Element_Undisplayed] - ----PASSED----
[25-09-2023 16:29:47.607 INFO com.facebook_home.Level_20_Element_Undisplayed] - ----PASSED----
[25-09-2023 16:29:47.640 INFO com.facebook_home.Level_20_Element_Undisplayed] - ----PASSED----
[25-09-2023 16:29:47.705 INFO com.facebook_home.Level_20_Element_Undisplayed] - Verify confirm Email Txb is displayed
[25-09-2023 16:29:47.739 INFO com.facebook_home.Level_20_Element_Undisplayed] - ----PASSED----
[25-09-2023 16:29:47.834 INFO com.facebook_home.Level_20_Element_Undisplayed] - Verify confirm Email Txb is not displayed
[25-09-2023 16:29:47.869 INFO com.facebook_home.Level_20_Element_Undisplayed] - ----FAILED----
[25-09-2023 16:29:48.111 INFO com.facebook_home.Level_20_Element_Undisplayed] - Verify FirstName Txb is not displayed
[25-09-2023 16:59:42.815 INFO com.facebook_home.Level_20_Element_Undisplayed] - ----PASSED----
[25-09-2023 16:59:42.885 INFO com.facebook_home.Level_20_Element_Undisplayed] - ----PASSED----
[25-09-2023 16:59:42.949 INFO com.facebook_home.Level_20_Element_Undisplayed] - ----PASSED----
[25-09-2023 16:59:43.036 INFO com.facebook_home.Level_20_Element_Undisplayed] - ----PASSED----
[25-09-2023 16:59:43.123 INFO com.facebook_home.Level_20_Element_Undisplayed] - Verify confirm Email Txb is displayed
[25-09-2023 16:59:43.157 INFO com.facebook_home.Level_20_Element_Undisplayed] - ----PASSED----
[25-09-2023 16:59:45.253 INFO com.facebook_home.Level_20_Element_Undisplayed] - Verify confirm Email Txb is not displayed
[25-09-2023 17:00:15.658 INFO com.facebook_home.Level_20_Element_Undisplayed] - Verify FirstName Txb is not displayed
[25-09-2023 17:01:58.244 INFO com.facebook_home.Level_20_Element_Undisplayed] - ----PASSED----
[25-09-2023 17:01:58.284 INFO com.facebook_home.Level_20_Element_Undisplayed] - ----PASSED----
[25-09-2023 17:01:58.343 INFO com.facebook_home.Level_20_Element_Undisplayed] - ----PASSED----
[25-09-2023 17:01:58.398 INFO com.facebook_home.Level_20_Element_Undisplayed] - ----PASSED----
[25-09-2023 17:01:58.462 INFO com.facebook_home.Level_20_Element_Undisplayed] - Verify confirm Email Txb is displayed
[25-09-2023 17:01:58.492 INFO com.facebook_home.Level_20_Element_Undisplayed] - ----PASSED----
[25-09-2023 17:02:02.593 INFO com.facebook_home.Level_20_Element_Undisplayed] - Verify confirm Email Txb is not displayed
[25-09-2023 17:04:56.557 INFO com.facebook_home.Level_20_Element_Undisplayed] - ----PASSED----
[25-09-2023 17:04:56.602 INFO com.facebook_home.Level_20_Element_Undisplayed] - ----PASSED----
[25-09-2023 17:04:56.636 INFO com.facebook_home.Level_20_Element_Undisplayed] - ----PASSED----
[25-09-2023 17:04:56.673 INFO com.facebook_home.Level_20_Element_Undisplayed] - ----PASSED----
[25-09-2023 17:04:56.746 INFO com.facebook_home.Level_20_Element_Undisplayed] - Verify confirm Email Txb is displayed
[25-09-2023 17:04:56.778 INFO com.facebook_home.Level_20_Element_Undisplayed] - ----PASSED----
[25-09-2023 17:08:39.621 INFO com.facebook_home.Level_20_Element_Undisplayed] - ----PASSED----
[25-09-2023 17:08:39.665 INFO com.facebook_home.Level_20_Element_Undisplayed] - ----PASSED----
[25-09-2023 17:08:39.735 INFO com.facebook_home.Level_20_Element_Undisplayed] - ----PASSED----
[25-09-2023 17:08:39.774 INFO com.facebook_home.Level_20_Element_Undisplayed] - ----PASSED----
[25-09-2023 17:08:39.849 INFO com.facebook_home.Level_20_Element_Undisplayed] - Verify confirm Email Txb is displayed
[25-09-2023 17:08:39.894 INFO com.facebook_home.Level_20_Element_Undisplayed] - ----PASSED----
[25-09-2023 17:08:44.999 INFO com.facebook_home.Level_20_Element_Undisplayed] - Verify confirm Email Txb is not displayed
[25-09-2023 17:11:07.604 INFO com.facebook_home.Level_20_Element_Undisplayed] - ----PASSED----
[25-09-2023 17:11:07.656 INFO com.facebook_home.Level_20_Element_Undisplayed] - ----PASSED----
[25-09-2023 17:11:07.727 INFO com.facebook_home.Level_20_Element_Undisplayed] - ----PASSED----
[25-09-2023 17:11:07.789 INFO com.facebook_home.Level_20_Element_Undisplayed] - ----PASSED----
[25-09-2023 17:11:07.907 INFO com.facebook_home.Level_20_Element_Undisplayed] - Verify confirm Email Txb is displayed
[25-09-2023 17:11:07.949 INFO com.facebook_home.Level_20_Element_Undisplayed] - ----PASSED----
[25-09-2023 17:11:13.052 INFO com.facebook_home.Level_20_Element_Undisplayed] - Verify confirm Email Txb is not displayed
[25-09-2023 17:15:56.575 INFO com.facebook_home.Level_20_Element_Undisplayed] - ----PASSED----
[25-09-2023 17:15:56.617 INFO com.facebook_home.Level_20_Element_Undisplayed] - ----PASSED----
[25-09-2023 17:15:56.647 INFO com.facebook_home.Level_20_Element_Undisplayed] - ----PASSED----
[25-09-2023 17:15:56.681 INFO com.facebook_home.Level_20_Element_Undisplayed] - ----PASSED----
[25-09-2023 17:15:56.745 INFO com.facebook_home.Level_20_Element_Undisplayed] - Verify confirm Email Txb is displayed
[25-09-2023 17:15:59.799 INFO com.facebook_home.Level_20_Element_Undisplayed] - ----PASSED----
[25-09-2023 17:18:20.718 INFO com.facebook_home.Level_20_Element_Undisplayed] - ----PASSED----
[25-09-2023 17:18:20.760 INFO com.facebook_home.Level_20_Element_Undisplayed] - ----PASSED----
[25-09-2023 17:18:20.794 INFO com.facebook_home.Level_20_Element_Undisplayed] - ----PASSED----
[25-09-2023 17:18:20.832 INFO com.facebook_home.Level_20_Element_Undisplayed] - ----PASSED----
[25-09-2023 17:18:20.911 INFO com.facebook_home.Level_20_Element_Undisplayed] - Verify confirm Email Txb is displayed
[25-09-2023 17:18:23.963 INFO com.facebook_home.Level_20_Element_Undisplayed] - ----PASSED----
[25-09-2023 17:18:29.070 INFO com.facebook_home.Level_20_Element_Undisplayed] - Verify confirm Email Txb is not displayed
[25-09-2023 17:20:12.924 INFO com.facebook_home.Level_20_Element_Undisplayed] - ----PASSED----
[25-09-2023 17:20:12.975 INFO com.facebook_home.Level_20_Element_Undisplayed] - ----PASSED----
[25-09-2023 17:20:13.026 INFO com.facebook_home.Level_20_Element_Undisplayed] - ----PASSED----
[25-09-2023 17:20:13.058 INFO com.facebook_home.Level_20_Element_Undisplayed] - ----PASSED----
[25-09-2023 17:20:13.120 INFO com.facebook_home.Level_20_Element_Undisplayed] - Verify confirm Email Txb is displayed
[25-09-2023 17:20:16.164 INFO com.facebook_home.Level_20_Element_Undisplayed] - ----PASSED----
[25-09-2023 17:20:21.266 INFO com.facebook_home.Level_20_Element_Undisplayed] - Verify confirm Email Txb is not displayed
[25-09-2023 17:52:18.694 INFO com.facebook_home.Level_20_Element_Undisplayed] - ----PASSED----
[25-09-2023 17:52:18.750 INFO com.facebook_home.Level_20_Element_Undisplayed] - ----PASSED----
[25-09-2023 17:52:18.785 INFO com.facebook_home.Level_20_Element_Undisplayed] - ----PASSED----
[25-09-2023 17:52:18.827 INFO com.facebook_home.Level_20_Element_Undisplayed] - ----PASSED----
[25-09-2023 17:52:18.909 INFO com.facebook_home.Level_20_Element_Undisplayed] - Verify confirm Email Txb is displayed
[25-09-2023 17:52:21.952 INFO com.facebook_home.Level_20_Element_Undisplayed] - ----PASSED----
[25-09-2023 17:52:22.250 INFO com.facebook_home.Level_20_Element_Undisplayed] - Verify FirstName Txb is not displayed
[25-09-2023 17:52:27.281 INFO com.facebook_home.Level_20_Element_Undisplayed] - ----PASSED----
[25-09-2023 17:52:27.281 INFO com.facebook_home.Level_20_Element_Undisplayed] - Verify SureName Txb is not displayed
[25-09-2023 17:52:32.303 INFO com.facebook_home.Level_20_Element_Undisplayed] - ----PASSED----
[25-09-2023 17:52:32.304 INFO com.facebook_home.Level_20_Element_Undisplayed] - Verify Email Txb is not displayed
[25-09-2023 17:52:37.321 INFO com.facebook_home.Level_20_Element_Undisplayed] - ----PASSED----
[25-09-2023 17:52:37.321 INFO com.facebook_home.Level_20_Element_Undisplayed] - Verify Password Txb is not displayed
[25-09-2023 17:52:42.342 INFO com.facebook_home.Level_20_Element_Undisplayed] - ----PASSED----
[25-09-2023 17:57:00.148 INFO com.facebook_home.Level_20_Element_Undisplayed] - ----PASSED----
[25-09-2023 17:57:00.193 INFO com.facebook_home.Level_20_Element_Undisplayed] - ----PASSED----
[25-09-2023 17:57:00.253 INFO com.facebook_home.Level_20_Element_Undisplayed] - ----PASSED----
[25-09-2023 17:57:00.340 INFO com.facebook_home.Level_20_Element_Undisplayed] - ----PASSED----
[25-09-2023 17:57:00.428 INFO com.facebook_home.Level_20_Element_Undisplayed] - Verify confirm Email Txb is displayed
[25-09-2023 17:57:03.471 INFO com.facebook_home.Level_20_Element_Undisplayed] - ----PASSED----
[25-09-2023 17:57:03.754 INFO com.facebook_home.Level_20_Element_Undisplayed] - Verify FirstName Txb is not displayed
[25-09-2023 17:57:08.781 INFO com.facebook_home.Level_20_Element_Undisplayed] - ----PASSED----
[25-09-2023 17:57:08.782 INFO com.facebook_home.Level_20_Element_Undisplayed] - Verify SureName Txb is not displayed
[25-09-2023 17:57:13.812 INFO com.facebook_home.Level_20_Element_Undisplayed] - ----PASSED----
[25-09-2023 17:57:13.813 INFO com.facebook_home.Level_20_Element_Undisplayed] - Verify Email Txb is not displayed
[25-09-2023 17:57:18.830 INFO com.facebook_home.Level_20_Element_Undisplayed] - ----PASSED----
[25-09-2023 17:57:18.830 INFO com.facebook_home.Level_20_Element_Undisplayed] - Verify Password Txb is not displayed
[25-09-2023 17:57:23.855 INFO com.facebook_home.Level_20_Element_Undisplayed] - ----PASSED----
